<?xml version="1.0" encoding="UTF-8"?>
<!-- Generated by org.testng.reporters.JUnitReportReporter -->
<testsuite hostname="DESKTOP-P38VBVE" failures="0" tests="5" name="com.testng.assignment.TestNG_WebDriver" time="10.827" errors="0" timestamp="2023-07-22T22:55:04 IST" skipped="0">
  <testcase classname="com.testng.assignment.TestNG_WebDriver" name="username" time="2.255"/>
  <testcase classname="com.testng.assignment.TestNG_WebDriver" name="password" time="2.163"/>
  <testcase classname="com.testng.assignment.TestNG_WebDriver" name="clickLogin" time="2.212"/>
  <testcase classname="com.testng.assignment.TestNG_WebDriver" name="sideMenu" time="2.083"/>
  <testcase classname="com.testng.assignment.TestNG_WebDriver" name="Logout" time="2.114"/>
</testsuite> <!-- com.testng.assignment.TestNG_WebDriver -->
