<?xml version="1.0" encoding="UTF-8"?>
<!-- Generated by org.testng.reporters.JUnitReportReporter -->
<testsuite hostname="DESKTOP-P38VBVE" failures="0" tests="1" name="com.testng3.TestNG_Parameter" time="10.725" errors="0" timestamp="2023-07-22T23:01:35 IST" skipped="0">
  <testcase classname="com.testng3.TestNG_Parameter" name="Login" time="10.725"/>
</testsuite> <!-- com.testng3.TestNG_Parameter -->
